[09/07/2022 15:34:49] Debug: Session id: 6fa1001a-08bd-451b-b104-de8273cd6025
[09/07/2022 15:34:49] Debug: Code Processor information: Name :SnowConvert, Version: 9.0.11.0
[09/07/2022 15:34:50] Debug: Getting license
[09/07/2022 15:34:50] Debug: License information
	Status: Failed
	Message: No active license available.
[09/07/2022 15:34:50] Info: Starting to validate parameters
[09/07/2022 15:34:50] Info: Parameters to validate: 
	Execution mode: Conversion
	LICENSE_KEY: a3372138-b87e-4a08-b929-3b48b24c63f1
[09/07/2022 15:34:50] Info: Validation of parameters: Success
[09/07/2022 15:34:50] Debug: Getting code descriptor
[09/07/2022 15:34:50] Debug: Code descriptor information
	Units: 51
	Units type: LOC
	All file bytes: 2141
	All found extensions: .sql,.dml,.ddl,.bteq,.btq,.fl,.fload,.ml,.mload,.mld,.tp,.tpump,.tpt
[09/07/2022 15:34:50] Debug: Calculating fingerprint
[09/07/2022 15:34:50] Debug: Fingerprint information Fingerprint(size=2141,projects=1)
[09/07/2022 15:34:50] Info: Starting to try to validate online license for execution
[09/07/2022 15:34:52] Debug: Getting license
[09/07/2022 15:34:52] Debug: License information
	Status: Failed
	Message: No active license available.
[09/07/2022 15:34:52] Debug: Starting the execution of the controller
[09/07/2022 15:34:53] Debug: Executing the worker: SnowConvert
[09/07/2022 15:35:04] Debug: Finished executing the worker: SnowConvert
[09/07/2022 15:35:06] Info: Controller execution ended
